<?xml version="1.0" encoding="UTF-8"?>
<!-- Generated by org.testng.reporters.JUnitXMLReporter -->
<testsuite ignored="0" hostname="DELL-PC" failures="0" tests="2" name="Default test" time="19.087" errors="0" timestamp="17 Jul 2019 01:51:22 GMT">
  <testcase classname="com.guru99.live.TestCases.TC_MobilePageTest" name="verifyMobilePageTitle" time="1.932"/>
  <testcase classname="com.guru99.live.TestCases.TC_MobilePageTest" name="verifyProductSortOrder" time="4.695"/>
</testsuite> <!-- Default test -->
