<?xml version="1.0" encoding="UTF-8"?>
<!-- Generated by org.testng.reporters.JUnitXMLReporter -->
<testsuite ignored="0" hostname="DELL-PC" failures="2" tests="4" name="Test" time="29.257" errors="0" timestamp="18 Jul 2019 16:45:40 GMT">
  <testcase classname="com.guru99.live.TestCases.TC_HomePageTest" name="verifyHomePageLabel" time="0.125">
    <failure type="java.lang.AssertionError" message="expected [true] but found [false]">
      <![CDATA[java.lang.AssertionError: expected [true] but found [false]
at com.guru99.live.TestCases.TC_HomePageTest.verifyHomePageLabel(TC_HomePageTest.java:31)
... Removed 29 stack frames]]>
    </failure>
  </testcase> <!-- verifyHomePageLabel -->
  <testcase classname="com.guru99.live.TestCases.TC_HomePageTest" name="verifyHomePageTitle" time="0.011"/>
  <testcase classname="com.guru99.live.TestCases.TC_MobilePageTest" name="verifyMobilePageTitle" time="0.968">
    <failure type="java.lang.AssertionError" message="expected [true] but found [false]">
      <![CDATA[java.lang.AssertionError: expected [true] but found [false]
at com.guru99.live.TestCases.TC_MobilePageTest.verifyMobilePageTitle(TC_MobilePageTest.java:24)
... Removed 29 stack frames]]>
    </failure>
  </testcase> <!-- verifyMobilePageTitle -->
  <testcase classname="com.guru99.live.TestCases.TC_MobilePageTest" name="verifyProductSortOrder" time="4.13"/>
</testsuite> <!-- Test -->
