<?xml version="1.0" encoding="UTF-8"?>
<!-- Generated by org.testng.reporters.JUnitXMLReporter -->
<testsuite ignored="0" hostname="DELL-PC" failures="2" tests="4" name="Test" time="30.787" errors="0" timestamp="26 Jul 2019 04:09:52 GMT">
  <testcase classname="com.guru99.live.TestCases.TC_HomePageTest" name="verifyHomePageLabel" time="0.179">
    <failure type="java.lang.AssertionError" message="expected [true] but found [false]">
      <![CDATA[java.lang.AssertionError: expected [true] but found [false]
at com.guru99.live.TestCases.TC_HomePageTest.verifyHomePageLabel(TC_HomePageTest.java:31)
... Removed 33 stack frames]]>
    </failure>
  </testcase> <!-- verifyHomePageLabel -->
  <testcase classname="com.guru99.live.TestCases.TC_HomePageTest" name="verifyHomePageTitle" time="0.033"/>
  <testcase classname="com.guru99.live.TestCases.TC_MobilePageTest" name="verifyMobilePageTitle" time="1.326">
    <failure type="java.lang.AssertionError" message="expected [true] but found [false]">
      <![CDATA[java.lang.AssertionError: expected [true] but found [false]
at com.guru99.live.TestCases.TC_MobilePageTest.verifyMobilePageTitle(TC_MobilePageTest.java:24)
... Removed 33 stack frames]]>
    </failure>
  </testcase> <!-- verifyMobilePageTitle -->
  <testcase classname="com.guru99.live.TestCases.TC_MobilePageTest" name="verifyProductSortOrder" time="4.026"/>
</testsuite> <!-- Test -->
